CRITICAL - 2023-08-01 13:11:03 --> Invalid file: "index.php"
in SYSTEMPATH/Exceptions/FrameworkException.php on line 33.
 1 SYSTEMPATH/View/View.php(212): CodeIgniter\Exceptions\FrameworkException::forInvalidFile('index.php')
 2 SYSTEMPATH/View/View.php(240): CodeIgniter\View\View->render('index', [], true)
 3 SYSTEMPATH/Common.php(1180): CodeIgniter\View\View->render('dashboard/promocode', [], true)
 4 APPPATH/Controllers/Promocode.php(9): view('dashboard/promocode')
 5 SYSTEMPATH/CodeIgniter.php(932): App\Controllers\Promocode->index()
 6 SYSTEMPATH/CodeIgniter.php(497): CodeIgniter\CodeIgniter->runController(Object(App\Controllers\Promocode))
 7 SYSTEMPATH/CodeIgniter.php(366): CodeIgniter\CodeIgniter->handleRequest(null, Object(Config\Cache), false)
 8 FCPATH/index.php(67): CodeIgniter\CodeIgniter->run()
 9 SYSTEMPATH/Commands/Server/rewrite.php(47): require_once('/Applications/XAMPP/xamppfiles/htdocs/resolusi/public/index.php')
CRITICAL - 2023-08-01 13:11:41 --> Invalid file: "index.php"
in SYSTEMPATH/Exceptions/FrameworkException.php on line 33.
 1 SYSTEMPATH/View/View.php(212): CodeIgniter\Exceptions\FrameworkException::forInvalidFile('index.php')
 2 SYSTEMPATH/View/View.php(240): CodeIgniter\View\View->render('index', [], true)
 3 SYSTEMPATH/Common.php(1180): CodeIgniter\View\View->render('dashboard/promocode', [], true)
 4 APPPATH/Controllers/Promocode.php(9): view('dashboard/promocode')
 5 SYSTEMPATH/CodeIgniter.php(932): App\Controllers\Promocode->index()
 6 SYSTEMPATH/CodeIgniter.php(497): CodeIgniter\CodeIgniter->runController(Object(App\Controllers\Promocode))
 7 SYSTEMPATH/CodeIgniter.php(366): CodeIgniter\CodeIgniter->handleRequest(null, Object(Config\Cache), false)
 8 FCPATH/index.php(67): CodeIgniter\CodeIgniter->run()
 9 SYSTEMPATH/Commands/Server/rewrite.php(47): require_once('/Applications/XAMPP/xamppfiles/htdocs/resolusi/public/index.php')
CRITICAL - 2023-08-01 13:11:44 --> Invalid file: "index.php"
in SYSTEMPATH/Exceptions/FrameworkException.php on line 33.
 1 SYSTEMPATH/View/View.php(212): CodeIgniter\Exceptions\FrameworkException::forInvalidFile('index.php')
 2 SYSTEMPATH/View/View.php(240): CodeIgniter\View\View->render('index', [], true)
 3 SYSTEMPATH/Common.php(1180): CodeIgniter\View\View->render('dashboard/promocode', [], true)
 4 APPPATH/Controllers/Promocode.php(9): view('dashboard/promocode')
 5 SYSTEMPATH/CodeIgniter.php(932): App\Controllers\Promocode->index()
 6 SYSTEMPATH/CodeIgniter.php(497): CodeIgniter\CodeIgniter->runController(Object(App\Controllers\Promocode))
 7 SYSTEMPATH/CodeIgniter.php(366): CodeIgniter\CodeIgniter->handleRequest(null, Object(Config\Cache), false)
 8 FCPATH/index.php(67): CodeIgniter\CodeIgniter->run()
 9 SYSTEMPATH/Commands/Server/rewrite.php(47): require_once('/Applications/XAMPP/xamppfiles/htdocs/resolusi/public/index.php')
CRITICAL - 2023-08-01 13:11:47 --> Invalid file: "index.php"
in SYSTEMPATH/Exceptions/FrameworkException.php on line 33.
 1 SYSTEMPATH/View/View.php(212): CodeIgniter\Exceptions\FrameworkException::forInvalidFile('index.php')
 2 SYSTEMPATH/View/View.php(240): CodeIgniter\View\View->render('index', [], true)
 3 SYSTEMPATH/Common.php(1180): CodeIgniter\View\View->render('dashboard/promocode', [], true)
 4 APPPATH/Controllers/Promocode.php(9): view('dashboard/promocode')
 5 SYSTEMPATH/CodeIgniter.php(932): App\Controllers\Promocode->index()
 6 SYSTEMPATH/CodeIgniter.php(497): CodeIgniter\CodeIgniter->runController(Object(App\Controllers\Promocode))
 7 SYSTEMPATH/CodeIgniter.php(366): CodeIgniter\CodeIgniter->handleRequest(null, Object(Config\Cache), false)
 8 FCPATH/index.php(67): CodeIgniter\CodeIgniter->run()
 9 SYSTEMPATH/Commands/Server/rewrite.php(47): require_once('/Applications/XAMPP/xamppfiles/htdocs/resolusi/public/index.php')
CRITICAL - 2023-08-01 13:12:27 --> Invalid file: "index.php"
in SYSTEMPATH/Exceptions/FrameworkException.php on line 33.
 1 SYSTEMPATH/View/View.php(212): CodeIgniter\Exceptions\FrameworkException::forInvalidFile('index.php')
 2 SYSTEMPATH/View/View.php(240): CodeIgniter\View\View->render('index', [], true)
 3 SYSTEMPATH/Common.php(1180): CodeIgniter\View\View->render('dashboard/promocode', [], true)
 4 APPPATH/Controllers/Promocode.php(9): view('dashboard/promocode')
 5 SYSTEMPATH/CodeIgniter.php(932): App\Controllers\Promocode->index()
 6 SYSTEMPATH/CodeIgniter.php(497): CodeIgniter\CodeIgniter->runController(Object(App\Controllers\Promocode))
 7 SYSTEMPATH/CodeIgniter.php(366): CodeIgniter\CodeIgniter->handleRequest(null, Object(Config\Cache), false)
 8 FCPATH/index.php(67): CodeIgniter\CodeIgniter->run()
 9 SYSTEMPATH/Commands/Server/rewrite.php(47): require_once('/Applications/XAMPP/xamppfiles/htdocs/resolusi/public/index.php')
